<?xml version="1.0" encoding="UTF-8"?>
<robot generator="Robot 4.1.2 (Python 3.10.0 on win32)" generated="20211024 19:29:26.750" rpa="false" schemaversion="2">
<suite id="s1" name="Webauto" source="C:\Users\yann_\Desktop\Exercicios\tests\webauto.robot">
<test id="s1-t1" name="Caso de Teste 02: Pesquisar produto não existente">
<kw name="Abrir navegador" library="hooks" type="SETUP">
<kw name="Open Browser" library="SeleniumLibrary">
<arg>browser=${BROWSER}</arg>
<doc>Opens a new browser instance to the optional ``url``.</doc>
<msg timestamp="20211024 19:29:26.974" level="INFO">Opening browser 'chrome' to base url 'None'.</msg>
<status status="PASS" starttime="20211024 19:29:26.974" endtime="20211024 19:29:27.997"/>
</kw>
<kw name="Maximize Browser Window" library="SeleniumLibrary">
<doc>Maximizes current browser window.</doc>
<status status="PASS" starttime="20211024 19:29:27.998" endtime="20211024 19:29:28.111"/>
</kw>
<status status="PASS" starttime="20211024 19:29:26.973" endtime="20211024 19:29:28.111"/>
</kw>
<kw name="Acessar a página home do site Automation Practice" library="kws_webauto">
<kw name="Go To" library="SeleniumLibrary">
<arg>${URL}</arg>
<doc>Navigates the current browser window to the provided ``url``.</doc>
<msg timestamp="20211024 19:29:28.112" level="INFO">Opening url 'http://automationpractice.com/index.php'</msg>
<status status="PASS" starttime="20211024 19:29:28.112" endtime="20211024 19:29:32.195"/>
</kw>
<kw name="Title Should Be" library="SeleniumLibrary">
<arg>${HOME.TITLE_PAGE_HOME}</arg>
<doc>Verifies that the current page title equals ``title``.</doc>
<msg timestamp="20211024 19:29:32.200" level="INFO">Page title is 'My Store'.</msg>
<status status="PASS" starttime="20211024 19:29:32.195" endtime="20211024 19:29:32.200"/>
</kw>
<kw name="Wait Until Element Is Visible" library="SeleniumLibrary">
<arg>${HOME.HEADER_OPTIONS}</arg>
<doc>Waits until the element ``locator`` is visible.</doc>
<status status="PASS" starttime="20211024 19:29:32.200" endtime="20211024 19:29:32.220"/>
</kw>
<status status="PASS" starttime="20211024 19:29:28.112" endtime="20211024 19:29:32.221"/>
</kw>
<kw name="Digitar o nome do produto &quot;${PRODUTONAO}&quot; no campo de pesquisa" library="kws_webauto" sourcename="Digitar o nome do produto &quot;${PRODUTONAO}&quot; no campo de pesquisa">
<kw name="Click Element" library="SeleniumLibrary">
<arg>name=search_query</arg>
<doc>Click the element identified by ``locator``.</doc>
<msg timestamp="20211024 19:29:32.222" level="INFO">Clicking element 'name=search_query'.</msg>
<status status="PASS" starttime="20211024 19:29:32.222" endtime="20211024 19:29:32.264"/>
</kw>
<kw name="Input Text" library="SeleniumLibrary">
<arg>id=search_query_top</arg>
<arg>${PRODUTONAO}</arg>
<doc>Types the given ``text`` into the text field identified by ``locator``.</doc>
<msg timestamp="20211024 19:29:32.265" level="INFO">Typing text 'itemNãoExistente' into text field 'id=search_query_top'.</msg>
<status status="PASS" starttime="20211024 19:29:32.264" endtime="20211024 19:29:32.316"/>
</kw>
<status status="PASS" starttime="20211024 19:29:32.221" endtime="20211024 19:29:32.316"/>
</kw>
<kw name="Clicar no botão pesquisar" library="kws_webauto">
<kw name="Click Element" library="SeleniumLibrary">
<arg>name=submit_search</arg>
<doc>Click the element identified by ``locator``.</doc>
<msg timestamp="20211024 19:29:32.317" level="INFO">Clicking element 'name=submit_search'.</msg>
<status status="PASS" starttime="20211024 19:29:32.317" endtime="20211024 19:29:33.561"/>
</kw>
<status status="PASS" starttime="20211024 19:29:32.317" endtime="20211024 19:29:33.561"/>
</kw>
<kw name="Conferir mensagem &quot;No results were found for your search &quot;itemNãoExistente&quot;&quot;" library="kws_webauto">
<kw name="Sleep" library="BuiltIn">
<arg>5</arg>
<doc>Pauses the test executed for the given time.</doc>
<msg timestamp="20211024 19:29:38.572" level="INFO">Slept 5 seconds</msg>
<status status="PASS" starttime="20211024 19:29:33.562" endtime="20211024 19:29:38.572"/>
</kw>
<status status="PASS" starttime="20211024 19:29:33.562" endtime="20211024 19:29:38.572"/>
</kw>
<kw name="Fechar navegador" library="hooks" type="TEARDOWN">
<kw name="Close Browser" library="SeleniumLibrary">
<doc>Closes the current browser.</doc>
<status status="PASS" starttime="20211024 19:29:38.573" endtime="20211024 19:29:40.704"/>
</kw>
<status status="PASS" starttime="20211024 19:29:38.573" endtime="20211024 19:29:40.704"/>
</kw>
<tag>TESTE</tag>
<status status="PASS" starttime="20211024 19:29:26.973" endtime="20211024 19:29:40.705"/>
</test>
<doc>Aqui estão os exercicios 2, 3 e 4 web.</doc>
<status status="PASS" starttime="20211024 19:29:26.751" endtime="20211024 19:29:40.707"/>
</suite>
<statistics>
<total>
<stat pass="1" fail="0" skip="0">All Tests</stat>
</total>
<tag>
<stat pass="1" fail="0" skip="0">TESTE</stat>
</tag>
<suite>
<stat pass="1" fail="0" skip="0" id="s1" name="Webauto">Webauto</stat>
</suite>
</statistics>
<errors>
</errors>
</robot>
